#
# There is insufficient memory for the Java Runtime Environment to continue.
# Native memory allocation (mmap) failed to map 536870912 bytes for Failed to commit area from 0x0000000600c00000 to 0x0000000620c00000 of length 536870912.
# Possible reasons:
#   The system is out of physical RAM or swap space
#   The process is running with CompressedOops enabled, and the Java Heap may be blocking the growth of the native heap
# Possible solutions:
#   Reduce memory load on the system
#   Increase physical memory or swap space
#   Check if swap backing store is full
#   Decrease Java heap size (-Xmx/-Xms)
#   Decrease number of Java threads
#   Decrease Java thread stack sizes (-Xss)
#   Set larger code cache with -XX:ReservedCodeCacheSize=
# This output file may be truncated or incomplete.
#
#  Out of Memory Error (./src/hotspot/os/windows/os_windows.cpp:3303), pid=26836, tid=1176
#
# JRE version:  (11.0.9.1+11) (build )
# Java VM: OpenJDK 64-Bit Server VM (11.0.9.1+11-b1145.77, mixed mode, sharing, tiered, compressed oops, g1 gc, windows-amd64)
# No core dump will be written. Minidumps are not enabled by default on client versions of Windows
#

---------------  S U M M A R Y ------------

Command Line: org.jetbrains.git4idea.http.GitAskPassApp Username for 'https://github.com': 

Host: AMD Ryzen 7 3700X 8-Core Processor             , 16 cores, 31G,  Windows 10 , 64 bit Build 19041 (10.0.19041.804)
Time: Fri Feb 19 08:06:06 2021 Eastern Standard Time elapsed time: 0.017635 seconds (0d 0h 0m 0s)

---------------  T H R E A D  ---------------

Current thread (0x0000013b39a7e800):  JavaThread "Unknown thread" [_thread_in_vm, id=1176, stack(0x0000003077300000,0x0000003077400000)]

Stack: [0x0000003077300000,0x0000003077400000]
Native frames: (J=compiled Java code, j=interpreted, Vv=VM code, C=native code)
V  [jvm.dll+0x5edd9a]
V  [jvm.dll+0x7229c5]
V  [jvm.dll+0x723f1d]
V  [jvm.dll+0x7245d3]
V  [jvm.dll+0x2431b8]
V  [jvm.dll+0x5eb234]
V  [jvm.dll+0x5e0325]
V  [jvm.dll+0x2fe60b]
V  [jvm.dll+0x2fe57a]
V  [jvm.dll+0x2fe452]
V  [jvm.dll+0x303346]
V  [jvm.dll+0x34ba83]
V  [jvm.dll+0x34c186]
V  [jvm.dll+0x34bb83]
V  [jvm.dll+0x2d9218]
V  [jvm.dll+0x2da3c7]
V  [jvm.dll+0x701a67]
V  [jvm.dll+0x70325c]
V  [jvm.dll+0x359049]
V  [jvm.dll+0x6e552e]
V  [jvm.dll+0x3c1353]
V  [jvm.dll+0x3c3571]
C  [jli.dll+0x5373]
C  [ucrtbase.dll+0x21bb2]
C  [KERNEL32.DLL+0x17034]
C  [ntdll.dll+0x4d241]


---------------  P R O C E S S  ---------------

Threads class SMR info:
_java_thread_list=0x0000013b36c80aa0, length=0, elements={
}

Java Threads: ( => current thread )

Other Threads:
  0x0000013b39a98800 GCTaskThread "GC Thread#0" [stack: 0x0000003077400000,0x0000003077500000] [id=11036]
  0x0000013b39ac8800 ConcurrentGCThread "G1 Main Marker" [stack: 0x0000003077500000,0x0000003077600000] [id=3004]
  0x0000013b39aca000 ConcurrentGCThread "G1 Conc#0" [stack: 0x0000003077600000,0x0000003077700000] [id=13240]

[error occurred during error reporting (printing all threads), id 0xc0000005, EXCEPTION_ACCESS_VIOLATION (0xc0000005) at pc=0x00007ffdda2b9807]

VM state:not at safepoint (not fully initialized)

VM Mutex/Monitor currently owned by a thread:  ([mutex/lock_event])
[0x0000013b39a7a930] Heap_lock - owner thread: 0x0000013b39a7e800

Heap address: 0x0000000600c00000, size: 8180 MB, Compressed Oops mode: Non-zero based: 0x0000000600c00000
Narrow klass base: 0x0000000000000000, Narrow klass shift: 0

GC Heap History (0 events):
No events

Deoptimization events (0 events):
No events

Classes redefined (0 events):
No events

Internal exceptions (0 events):
No events

Events (1 events):
Event: 0.008 Loaded shared library C:\Program Files\JetBrains\PyCharm 2020.3.3\jbr\bin\zip.dll


Dynamic libraries:
0x00007ff6a2310000 - 0x00007ff6a231a000 	C:\Program Files\JetBrains\PyCharm 2020.3.3\jbr\bin\java.exe
0x00007ffea9190000 - 0x00007ffea9386000 	C:\Windows\SYSTEM32\ntdll.dll
0x00007ffea85c0000 - 0x00007ffea867d000 	C:\Windows\System32\KERNEL32.DLL
0x00007ffea6b40000 - 0x00007ffea6e09000 	C:\Windows\System32\KERNELBASE.dll
0x00007ffea6a40000 - 0x00007ffea6b40000 	C:\Windows\System32\ucrtbase.dll
0x00007ffe9fd70000 - 0x00007ffe9fd89000 	C:\Program Files\JetBrains\PyCharm 2020.3.3\jbr\bin\jli.dll
0x00007ffe9f0e0000 - 0x00007ffe9f0f7000 	C:\Program Files\JetBrains\PyCharm 2020.3.3\jbr\bin\VCRUNTIME140.dll
0x00007ffea8420000 - 0x00007ffea85c0000 	C:\Windows\System32\USER32.dll
0x00007ffea6980000 - 0x00007ffea69a2000 	C:\Windows\System32\win32u.dll
0x00007ffe854d0000 - 0x00007ffe8576b000 	C:\Windows\WinSxS\amd64_microsoft.windows.common-controls_6595b64144ccf1df_6.0.19041.746_none_ca02b4b61b8320a4\COMCTL32.dll
0x00007ffea81a0000 - 0x00007ffea81ca000 	C:\Windows\System32\GDI32.dll
0x00007ffea7f10000 - 0x00007ffea7fae000 	C:\Windows\System32\msvcrt.dll
0x00007ffea6ee0000 - 0x00007ffea6feb000 	C:\Windows\System32\gdi32full.dll
0x00007ffea7150000 - 0x00007ffea71ed000 	C:\Windows\System32\msvcp_win.dll
0x00007ffea7db0000 - 0x00007ffea7de0000 	C:\Windows\System32\IMM32.DLL
0x00007ffe9d3f0000 - 0x00007ffe9d5e6000 	C:\Windows\system32\tmumh\20019\AddOn\8.55.0.1018\TmUmEvt64.dll
0x00007ffea9140000 - 0x00007ffea9148000 	C:\Windows\System32\PSAPI.DLL
0x00007ffea8370000 - 0x00007ffea841c000 	C:\Windows\System32\ADVAPI32.dll
0x00007ffea90a0000 - 0x00007ffea913c000 	C:\Windows\System32\sechost.dll
0x00007ffea81d0000 - 0x00007ffea82fb000 	C:\Windows\System32\RPCRT4.dll
0x0000000051500000 - 0x0000000051678000 	C:\Windows\system32\tmumh\20019\TmMon\2.9.0.1016\tmmon64.dll
0x00007ffea8fb0000 - 0x00007ffea9005000 	C:\Windows\System32\SHLWAPI.dll
0x00007ffe9f040000 - 0x00007ffe9f0dd000 	C:\Program Files\JetBrains\PyCharm 2020.3.3\jbr\bin\msvcp140.dll
0x00007ffdd9fd0000 - 0x00007ffddaa9e000 	C:\Program Files\JetBrains\PyCharm 2020.3.3\jbr\bin\server\jvm.dll
0x00007ffe9eab0000 - 0x00007ffe9eab9000 	C:\Windows\SYSTEM32\WSOCK32.dll
0x00007ffea8130000 - 0x00007ffea819b000 	C:\Windows\System32\WS2_32.dll
0x00007ffe99650000 - 0x00007ffe99677000 	C:\Windows\SYSTEM32\WINMM.dll
0x00007ffe9fc70000 - 0x00007ffe9fc7a000 	C:\Windows\SYSTEM32\VERSION.dll
0x00007ffea4800000 - 0x00007ffea4812000 	C:\Windows\SYSTEM32\kernel.appcore.dll
0x00007ffe72610000 - 0x00007ffe72621000 	C:\Program Files\JetBrains\PyCharm 2020.3.3\jbr\bin\verify.dll
0x00007ffe99190000 - 0x00007ffe99374000 	C:\Windows\SYSTEM32\DBGHELP.DLL
0x00007ffe99160000 - 0x00007ffe9918c000 	C:\Windows\SYSTEM32\dbgcore.DLL
0x00007ffea6e10000 - 0x00007ffea6e90000 	C:\Windows\System32\bcryptPrimitives.dll
0x00007ffe71900000 - 0x00007ffe71929000 	C:\Program Files\JetBrains\PyCharm 2020.3.3\jbr\bin\java.dll
0x00007ffea0290000 - 0x00007ffea029b000 	C:\Program Files\JetBrains\PyCharm 2020.3.3\jbr\bin\jimage.dll
0x00007ffe725f0000 - 0x00007ffe72608000 	C:\Program Files\JetBrains\PyCharm 2020.3.3\jbr\bin\zip.dll

dbghelp: loaded successfully - version: 4.0.5 - missing functions: none
symbol engine: initialized successfully - sym options: 0x614 - pdb path: .;C:\Program Files\JetBrains\PyCharm 2020.3.3\jbr\bin;C:\Windows\SYSTEM32;C:\Windows\WinSxS\amd64_microsoft.windows.common-controls_6595b64144ccf1df_6.0.19041.746_none_ca02b4b61b8320a4;C:\Windows\system32\tmumh\20019\AddOn\8.55.0.1018;C:\Windows\system32\tmumh\20019\TmMon\2.9.0.1016;C:\Program Files\JetBrains\PyCharm 2020.3.3\jbr\bin\server

VM Arguments:
java_command: org.jetbrains.git4idea.http.GitAskPassApp Username for 'https://github.com': 
java_class_path (initial): C:/Program Files/JetBrains/PyCharm 2020.3.3/plugins/git4idea/lib/git4idea-rt.jar;C:/Program Files/JetBrains/PyCharm 2020.3.3/lib/xmlrpc-2.0.1.jar;C:/Program Files/JetBrains/PyCharm 2020.3.3/lib/commons-codec-1.14.jar
Launcher Type: SUN_STANDARD

[Global flags]
     intx CICompilerCount                          = 12                                        {product} {ergonomic}
     uint ConcGCThreads                            = 3                                         {product} {ergonomic}
     uint G1ConcRefinementThreads                  = 13                                        {product} {ergonomic}
   size_t G1HeapRegionSize                         = 2097152                                   {product} {ergonomic}
    uintx GCDrainStackTargetSize                   = 64                                        {product} {ergonomic}
   size_t InitialHeapSize                          = 536870912                                 {product} {ergonomic}
   size_t MarkStackSize                            = 4194304                                   {product} {ergonomic}
   size_t MaxHeapSize                              = 8577351680                                {product} {ergonomic}
   size_t MinHeapDeltaBytes                        = 2097152                                   {product} {ergonomic}
    uintx NonNMethodCodeHeapSize                   = 7594288                                {pd product} {ergonomic}
    uintx NonProfiledCodeHeapSize                  = 122031976                              {pd product} {ergonomic}
    uintx ProfiledCodeHeapSize                     = 122031976                              {pd product} {ergonomic}
    uintx ReservedCodeCacheSize                    = 251658240                              {pd product} {ergonomic}
     bool SegmentedCodeCache                       = true                                      {product} {ergonomic}
     bool UseCompressedClassPointers               = true                                 {lp64_product} {ergonomic}
     bool UseCompressedOops                        = true                                 {lp64_product} {ergonomic}
     bool UseG1GC                                  = true                                      {product} {ergonomic}
     bool UseLargePagesIndividualAllocation        = false                                  {pd product} {ergonomic}

Logging:
Log output configuration:
 #0: stdout all=warning uptime,level,tags
 #1: stderr all=off uptime,level,tags

Environment Variables:
PATH=C:\Program Files\Git\mingw64\libexec\git-core;C:\Program Files\Git\mingw64\libexec\git-core;C:\Program Files\Git\mingw64\bin;C:\Program Files\Git\usr\bin;C:\Users\GEruo\bin;C:\Windows\system32;C:\Windows;C:\Windows\System32\Wbem;C:\Windows\System32\WindowsPowerShell\v1.0;C:\Windows\System32\OpenSSH;C:\Program Files\NVIDIA Corporation\NVIDIA NvDLISR;C:\Program Files (x86)\NVIDIA Corporation\PhysX\Common;C:\Program Files\Microsoft SQL Server\Client SDK\ODBC\110\Tools\Binn;C:\Program Files (x86)\Microsoft SQL Server\120\Tools\Binn;C:\Program Files\Microsoft SQL Server\120\Tools\Binn;C:\Program Files\Microsoft SQL Server\120\DTS\Binn;C:\Program Files (x86)\Windows Kits\8.1\Windows Performance Toolkit;C:\Program Files\dotnet;C:\Program Files\Microsoft SQL Server\130\Tools\Binn;C:\Program Files\Microsoft SQL Server\Client SDK\ODBC\170\Tools\Binn;C:\Program Files\Git\cmd;C:\Program Files\PuTTY;C:\Go\bin;C:\Program Files (x86)\GnuPG\bin;C:\Program Files\Docker\Docker\resources\bin;C:\ProgramData\DockerDesktop\version-bin;C:\Program Files (x86)\Geth;C:\Users\GEruo\AppData\Local\Programs\Python\Python39\Scripts;C:\Users\GEruo\AppData\Local\Programs\Python\Python39;C:\Program Files\MySQL\MySQL Shell 8.0\bin;C:\Users\GEruo\AppData\Local\Microsoft\WindowsApps;C:\Program Files\JetBrains\PyCharm 2019.1.3\bin;C:\Users\GEruo\AppData\Local\GitHubDesktop\bin;C:\Program Files\Java\jdk-14.0.2\bin;C:\Users\GEruo\go\bin;C:\Users\GEruo\AppData\Local\atom\bin;C:\Program Files (x86)\Nmap;C:\Program Files\JetBrains\PyCharm 2019.2.3\bin;C:\Users\GEruo\.dotnet\tools
USERNAME=GEruo
DISPLAY=:0.0
LC_ALL=en_US.UTF-8
OS=Windows_NT
PROCESSOR_IDENTIFIER=AMD64 Family 23 Model 113 Stepping 0, AuthenticAMD



---------------  S Y S T E M  ---------------

OS: Windows 10 , 64 bit Build 19041 (10.0.19041.804)
OS uptime: 1 days 5:55 hours
HyperV virtualization detected

CPU:total 16 (initial active 16) (16 cores per cpu, 2 threads per core) family 23 model 113 stepping 0, cmov, cx8, fxsr, mmx, sse, sse2, sse3, ssse3, sse4.1, sse4.2, popcnt, avx, avx2, aes, clmul, mmxext, 3dnowpref, lzcnt, sse4a, ht, tsc, tscinvbit, tscinv, bmi1, bmi2, adx, sha, fma

Memory: 4k page, system-wide physical 32716M (16245M free)
TotalPageFile size 130889M (AvailPageFile size 215M)
current process WorkingSet (physical memory assigned to process): 14M, peak: 14M
current process commit charge ("private bytes"): 74M, peak: 586M

vm_info: OpenJDK 64-Bit Server VM (11.0.9.1+11-b1145.77) for windows-amd64 JRE (11.0.9.1+11-b1145.77), built on Jan 16 2021 05:14:13 by "" with MS VC++ 14.0 (VS2015)

END.
